{"/Users/jaypatel/UNB/Winter 23/SS/quiz-app/src/App.js": {"path":"/Users/jaypatel/UNB/Winter 23/SS/quiz-app/src/App.js","statementMap":{"0":{"start":{"line":8,"column":2},"end":{"line":14,"column":4}}},"fnMap":{"0":{"name":"App","decl":{"start":{"line":7,"column":9},"end":{"line":7,"column":12}},"loc":{"start":{"line":7,"column":15},"end":{"line":15,"column":1}},"line":7}},"branchMap":{},"s":{"0":1},"f":{"0":1},"b":{},"_coverageSchema":"1a1c01bbd47fc00a2c39e90264f33305004495a9","hash":"c2adb6175dd56f39d34e4763cab05f616aeb814b"}
,"/Users/jaypatel/UNB/Winter 23/SS/quiz-app/src/components/Home.js": {"path":"/Users/jaypatel/UNB/Winter 23/SS/quiz-app/src/components/Home.js","statementMap":{"0":{"start":{"line":6,"column":2},"end":{"line":20,"column":4}}},"fnMap":{"0":{"name":"Home","decl":{"start":{"line":5,"column":9},"end":{"line":5,"column":13}},"loc":{"start":{"line":5,"column":16},"end":{"line":21,"column":1}},"line":5}},"branchMap":{},"s":{"0":3},"f":{"0":3},"b":{},"_coverageSchema":"1a1c01bbd47fc00a2c39e90264f33305004495a9","hash":"4b7f258dc5b9166f62c8c644ddca82f0f69539f4"}
,"/Users/jaypatel/UNB/Winter 23/SS/quiz-app/src/components/quiz/Play.js": {"path":"/Users/jaypatel/UNB/Winter 23/SS/quiz-app/src/components/quiz/Play.js","statementMap":{"0":{"start":{"line":11,"column":4},"end":{"line":11,"column":17}},"1":{"start":{"line":12,"column":4},"end":{"line":31,"column":6}},"2":{"start":{"line":32,"column":4},"end":{"line":32,"column":25}},"3":{"start":{"line":36,"column":75},"end":{"line":36,"column":85}},"4":{"start":{"line":37,"column":4},"end":{"line":37,"column":86}},"5":{"start":{"line":38,"column":4},"end":{"line":38,"column":22}},"6":{"start":{"line":42,"column":4},"end":{"line":42,"column":33}},"7":{"start":{"line":45,"column":21},"end":{"line":65,"column":3}},"8":{"start":{"line":46,"column":35},"end":{"line":46,"column":45}},"9":{"start":{"line":47,"column":4},"end":{"line":64,"column":5}},"10":{"start":{"line":48,"column":6},"end":{"line":48,"column":39}},"11":{"start":{"line":49,"column":6},"end":{"line":49,"column":56}},"12":{"start":{"line":50,"column":6},"end":{"line":50,"column":57}},"13":{"start":{"line":51,"column":6},"end":{"line":51,"column":61}},"14":{"start":{"line":52,"column":21},"end":{"line":52,"column":43}},"15":{"start":{"line":53,"column":6},"end":{"line":63,"column":9}},"16":{"start":{"line":61,"column":8},"end":{"line":61,"column":27}},"17":{"start":{"line":62,"column":8},"end":{"line":62,"column":35}},"18":{"start":{"line":67,"column":22},"end":{"line":79,"column":3}},"19":{"start":{"line":68,"column":4},"end":{"line":78,"column":5}},"20":{"start":{"line":69,"column":6},"end":{"line":71,"column":14}},"21":{"start":{"line":70,"column":8},"end":{"line":70,"column":41}},"22":{"start":{"line":72,"column":6},"end":{"line":72,"column":27}},"23":{"start":{"line":74,"column":6},"end":{"line":76,"column":14}},"24":{"start":{"line":75,"column":8},"end":{"line":75,"column":39}},"25":{"start":{"line":77,"column":6},"end":{"line":77,"column":25}},"26":{"start":{"line":81,"column":26},"end":{"line":89,"column":3}},"27":{"start":{"line":82,"column":4},"end":{"line":88,"column":5}},"28":{"start":{"line":83,"column":6},"end":{"line":87,"column":9}},"29":{"start":{"line":83,"column":34},"end":{"line":85,"column":7}},"30":{"start":{"line":86,"column":8},"end":{"line":86,"column":130}},"31":{"start":{"line":91,"column":30},"end":{"line":99,"column":3}},"32":{"start":{"line":92,"column":4},"end":{"line":98,"column":5}},"33":{"start":{"line":93,"column":6},"end":{"line":97,"column":9}},"34":{"start":{"line":93,"column":34},"end":{"line":95,"column":7}},"35":{"start":{"line":96,"column":8},"end":{"line":96,"column":130}},"36":{"start":{"line":101,"column":26},"end":{"line":104,"column":3}},"37":{"start":{"line":103,"column":4},"end":{"line":103,"column":33}},"38":{"start":{"line":106,"column":22},"end":{"line":124,"column":3}},"39":{"start":{"line":107,"column":4},"end":{"line":122,"column":5}},"40":{"start":{"line":109,"column":8},"end":{"line":109,"column":37}},"41":{"start":{"line":110,"column":8},"end":{"line":110,"column":14}},"42":{"start":{"line":113,"column":8},"end":{"line":113,"column":41}},"43":{"start":{"line":114,"column":8},"end":{"line":114,"column":14}},"44":{"start":{"line":117,"column":8},"end":{"line":117,"column":37}},"45":{"start":{"line":118,"column":8},"end":{"line":118,"column":14}},"46":{"start":{"line":121,"column":8},"end":{"line":121,"column":14}},"47":{"start":{"line":126,"column":18},"end":{"line":144,"column":3}},"48":{"start":{"line":127,"column":4},"end":{"line":131,"column":7}},"49":{"start":{"line":132,"column":4},"end":{"line":143,"column":7}},"50":{"start":{"line":132,"column":32},"end":{"line":137,"column":5}},"51":{"start":{"line":138,"column":6},"end":{"line":142,"column":7}},"52":{"start":{"line":139,"column":8},"end":{"line":139,"column":23}},"53":{"start":{"line":141,"column":8},"end":{"line":141,"column":134}},"54":{"start":{"line":146,"column":16},"end":{"line":164,"column":3}},"55":{"start":{"line":147,"column":4},"end":{"line":147,"column":28}},"56":{"start":{"line":148,"column":4},"end":{"line":152,"column":7}},"57":{"start":{"line":153,"column":4},"end":{"line":163,"column":7}},"58":{"start":{"line":153,"column":32},"end":{"line":157,"column":5}},"59":{"start":{"line":158,"column":6},"end":{"line":162,"column":7}},"60":{"start":{"line":159,"column":8},"end":{"line":159,"column":23}},"61":{"start":{"line":161,"column":8},"end":{"line":161,"column":134}},"62":{"start":{"line":166,"column":16},"end":{"line":176,"column":3}},"63":{"start":{"line":167,"column":20},"end":{"line":167,"column":68}},"64":{"start":{"line":169,"column":4},"end":{"line":171,"column":7}},"65":{"start":{"line":170,"column":6},"end":{"line":170,"column":42}},"66":{"start":{"line":173,"column":4},"end":{"line":175,"column":7}},"67":{"start":{"line":178,"column":16},"end":{"line":206,"column":3}},"68":{"start":{"line":179,"column":4},"end":{"line":205,"column":5}},"69":{"start":{"line":180,"column":22},"end":{"line":180,"column":70}},"70":{"start":{"line":183,"column":6},"end":{"line":187,"column":9}},"71":{"start":{"line":184,"column":8},"end":{"line":186,"column":9}},"72":{"start":{"line":185,"column":10},"end":{"line":185,"column":32}},"73":{"start":{"line":189,"column":6},"end":{"line":204,"column":7}},"74":{"start":{"line":190,"column":29},"end":{"line":190,"column":58}},"75":{"start":{"line":191,"column":8},"end":{"line":202,"column":9}},"76":{"start":{"line":192,"column":10},"end":{"line":200,"column":13}},"77":{"start":{"line":193,"column":12},"end":{"line":199,"column":13}},"78":{"start":{"line":194,"column":14},"end":{"line":194,"column":49}},"79":{"start":{"line":195,"column":14},"end":{"line":198,"column":18}},"80":{"start":{"line":195,"column":44},"end":{"line":198,"column":15}},"81":{"start":{"line":201,"column":10},"end":{"line":201,"column":16}},"82":{"start":{"line":203,"column":8},"end":{"line":203,"column":64}},"83":{"start":{"line":203,"column":58},"end":{"line":203,"column":64}},"84":{"start":{"line":208,"column":21},"end":{"line":250,"column":3}},"85":{"start":{"line":209,"column":4},"end":{"line":249,"column":5}},"86":{"start":{"line":210,"column":22},"end":{"line":210,"column":58}},"87":{"start":{"line":211,"column":28},"end":{"line":211,"column":30}},"88":{"start":{"line":214,"column":6},"end":{"line":218,"column":9}},"89":{"start":{"line":215,"column":8},"end":{"line":217,"column":9}},"90":{"start":{"line":216,"column":10},"end":{"line":216,"column":32}},"91":{"start":{"line":220,"column":18},"end":{"line":220,"column":19}},"92":{"start":{"line":221,"column":6},"end":{"line":238,"column":26}},"93":{"start":{"line":222,"column":29},"end":{"line":222,"column":58}},"94":{"start":{"line":223,"column":8},"end":{"line":237,"column":9}},"95":{"start":{"line":224,"column":10},"end":{"line":236,"column":11}},"96":{"start":{"line":225,"column":12},"end":{"line":225,"column":45}},"97":{"start":{"line":226,"column":12},"end":{"line":226,"column":21}},"98":{"start":{"line":228,"column":12},"end":{"line":235,"column":13}},"99":{"start":{"line":229,"column":38},"end":{"line":229,"column":67}},"100":{"start":{"line":230,"column":14},"end":{"line":234,"column":15}},"101":{"start":{"line":231,"column":16},"end":{"line":231,"column":52}},"102":{"start":{"line":232,"column":16},"end":{"line":232,"column":25}},"103":{"start":{"line":233,"column":16},"end":{"line":233,"column":22}},"104":{"start":{"line":240,"column":6},"end":{"line":244,"column":9}},"105":{"start":{"line":241,"column":8},"end":{"line":243,"column":9}},"106":{"start":{"line":242,"column":10},"end":{"line":242,"column":45}},"107":{"start":{"line":245,"column":6},"end":{"line":248,"column":10}},"108":{"start":{"line":245,"column":34},"end":{"line":248,"column":7}},"109":{"start":{"line":252,"column":15},"end":{"line":281,"column":3}},"110":{"start":{"line":253,"column":26},"end":{"line":253,"column":45}},"111":{"start":{"line":254,"column":4},"end":{"line":280,"column":13}},"112":{"start":{"line":255,"column":18},"end":{"line":255,"column":28}},"113":{"start":{"line":256,"column":23},"end":{"line":256,"column":42}},"114":{"start":{"line":258,"column":22},"end":{"line":258,"column":77}},"115":{"start":{"line":259,"column":22},"end":{"line":259,"column":65}},"116":{"start":{"line":261,"column":6},"end":{"line":279,"column":7}},"117":{"start":{"line":262,"column":8},"end":{"line":262,"column":37}},"118":{"start":{"line":263,"column":8},"end":{"line":270,"column":11}},"119":{"start":{"line":269,"column":10},"end":{"line":269,"column":25}},"120":{"start":{"line":272,"column":8},"end":{"line":278,"column":11}},"121":{"start":{"line":283,"column":24},"end":{"line":303,"column":3}},"122":{"start":{"line":284,"column":4},"end":{"line":292,"column":5}},"123":{"start":{"line":285,"column":6},"end":{"line":287,"column":9}},"124":{"start":{"line":289,"column":6},"end":{"line":291,"column":9}},"125":{"start":{"line":294,"column":4},"end":{"line":302,"column":5}},"126":{"start":{"line":295,"column":6},"end":{"line":297,"column":9}},"127":{"start":{"line":299,"column":6},"end":{"line":301,"column":9}},"128":{"start":{"line":305,"column":12},"end":{"line":319,"column":3}},"129":{"start":{"line":306,"column":22},"end":{"line":306,"column":26}},"130":{"start":{"line":307,"column":24},"end":{"line":315,"column":5}},"131":{"start":{"line":316,"column":4},"end":{"line":318,"column":13}},"132":{"start":{"line":317,"column":6},"end":{"line":317,"column":64}},"133":{"start":{"line":329,"column":8},"end":{"line":329,"column":18}},"134":{"start":{"line":331,"column":4},"end":{"line":386,"column":6}}},"fnMap":{"0":{"name":"(anonymous_0)","decl":{"start":{"line":10,"column":2},"end":{"line":10,"column":3}},"loc":{"start":{"line":10,"column":22},"end":{"line":33,"column":3}},"line":10},"1":{"name":"(anonymous_1)","decl":{"start":{"line":35,"column":2},"end":{"line":35,"column":3}},"loc":{"start":{"line":35,"column":23},"end":{"line":39,"column":3}},"line":35},"2":{"name":"(anonymous_2)","decl":{"start":{"line":41,"column":2},"end":{"line":41,"column":3}},"loc":{"start":{"line":41,"column":26},"end":{"line":43,"column":3}},"line":41},"3":{"name":"(anonymous_3)","decl":{"start":{"line":45,"column":21},"end":{"line":45,"column":22}},"loc":{"start":{"line":45,"column":108},"end":{"line":65,"column":3}},"line":45},"4":{"name":"(anonymous_4)","decl":{"start":{"line":60,"column":9},"end":{"line":60,"column":10}},"loc":{"start":{"line":60,"column":15},"end":{"line":63,"column":7}},"line":60},"5":{"name":"(anonymous_5)","decl":{"start":{"line":67,"column":22},"end":{"line":67,"column":23}},"loc":{"start":{"line":67,"column":29},"end":{"line":79,"column":3}},"line":67},"6":{"name":"(anonymous_6)","decl":{"start":{"line":69,"column":39},"end":{"line":69,"column":40}},"loc":{"start":{"line":69,"column":45},"end":{"line":71,"column":7}},"line":69},"7":{"name":"(anonymous_7)","decl":{"start":{"line":74,"column":37},"end":{"line":74,"column":38}},"loc":{"start":{"line":74,"column":43},"end":{"line":76,"column":7}},"line":74},"8":{"name":"(anonymous_8)","decl":{"start":{"line":81,"column":26},"end":{"line":81,"column":27}},"loc":{"start":{"line":81,"column":32},"end":{"line":89,"column":3}},"line":81},"9":{"name":"(anonymous_9)","decl":{"start":{"line":83,"column":20},"end":{"line":83,"column":21}},"loc":{"start":{"line":83,"column":34},"end":{"line":85,"column":7}},"line":83},"10":{"name":"(anonymous_10)","decl":{"start":{"line":85,"column":10},"end":{"line":85,"column":11}},"loc":{"start":{"line":85,"column":16},"end":{"line":87,"column":7}},"line":85},"11":{"name":"(anonymous_11)","decl":{"start":{"line":91,"column":30},"end":{"line":91,"column":31}},"loc":{"start":{"line":91,"column":36},"end":{"line":99,"column":3}},"line":91},"12":{"name":"(anonymous_12)","decl":{"start":{"line":93,"column":20},"end":{"line":93,"column":21}},"loc":{"start":{"line":93,"column":34},"end":{"line":95,"column":7}},"line":93},"13":{"name":"(anonymous_13)","decl":{"start":{"line":95,"column":10},"end":{"line":95,"column":11}},"loc":{"start":{"line":95,"column":16},"end":{"line":97,"column":7}},"line":95},"14":{"name":"(anonymous_14)","decl":{"start":{"line":101,"column":26},"end":{"line":101,"column":27}},"loc":{"start":{"line":101,"column":32},"end":{"line":104,"column":3}},"line":101},"15":{"name":"(anonymous_15)","decl":{"start":{"line":106,"column":22},"end":{"line":106,"column":23}},"loc":{"start":{"line":106,"column":29},"end":{"line":124,"column":3}},"line":106},"16":{"name":"(anonymous_16)","decl":{"start":{"line":126,"column":18},"end":{"line":126,"column":19}},"loc":{"start":{"line":126,"column":24},"end":{"line":144,"column":3}},"line":126},"17":{"name":"(anonymous_17)","decl":{"start":{"line":132,"column":18},"end":{"line":132,"column":19}},"loc":{"start":{"line":132,"column":32},"end":{"line":137,"column":5}},"line":132},"18":{"name":"(anonymous_18)","decl":{"start":{"line":137,"column":8},"end":{"line":137,"column":9}},"loc":{"start":{"line":137,"column":14},"end":{"line":143,"column":5}},"line":137},"19":{"name":"(anonymous_19)","decl":{"start":{"line":146,"column":16},"end":{"line":146,"column":17}},"loc":{"start":{"line":146,"column":22},"end":{"line":164,"column":3}},"line":146},"20":{"name":"(anonymous_20)","decl":{"start":{"line":153,"column":18},"end":{"line":153,"column":19}},"loc":{"start":{"line":153,"column":32},"end":{"line":157,"column":5}},"line":153},"21":{"name":"(anonymous_21)","decl":{"start":{"line":157,"column":8},"end":{"line":157,"column":9}},"loc":{"start":{"line":157,"column":14},"end":{"line":163,"column":5}},"line":157},"22":{"name":"(anonymous_22)","decl":{"start":{"line":166,"column":16},"end":{"line":166,"column":17}},"loc":{"start":{"line":166,"column":22},"end":{"line":176,"column":3}},"line":166},"23":{"name":"(anonymous_23)","decl":{"start":{"line":169,"column":20},"end":{"line":169,"column":21}},"loc":{"start":{"line":169,"column":30},"end":{"line":171,"column":5}},"line":169},"24":{"name":"(anonymous_24)","decl":{"start":{"line":178,"column":16},"end":{"line":178,"column":17}},"loc":{"start":{"line":178,"column":22},"end":{"line":206,"column":3}},"line":178},"25":{"name":"(anonymous_25)","decl":{"start":{"line":183,"column":22},"end":{"line":183,"column":23}},"loc":{"start":{"line":183,"column":41},"end":{"line":187,"column":7}},"line":183},"26":{"name":"(anonymous_26)","decl":{"start":{"line":192,"column":26},"end":{"line":192,"column":27}},"loc":{"start":{"line":192,"column":45},"end":{"line":200,"column":11}},"line":192},"27":{"name":"(anonymous_27)","decl":{"start":{"line":195,"column":28},"end":{"line":195,"column":29}},"loc":{"start":{"line":195,"column":44},"end":{"line":198,"column":15}},"line":195},"28":{"name":"(anonymous_28)","decl":{"start":{"line":208,"column":21},"end":{"line":208,"column":22}},"loc":{"start":{"line":208,"column":27},"end":{"line":250,"column":3}},"line":208},"29":{"name":"(anonymous_29)","decl":{"start":{"line":214,"column":22},"end":{"line":214,"column":23}},"loc":{"start":{"line":214,"column":41},"end":{"line":218,"column":7}},"line":214},"30":{"name":"(anonymous_30)","decl":{"start":{"line":240,"column":22},"end":{"line":240,"column":23}},"loc":{"start":{"line":240,"column":41},"end":{"line":244,"column":7}},"line":240},"31":{"name":"(anonymous_31)","decl":{"start":{"line":245,"column":20},"end":{"line":245,"column":21}},"loc":{"start":{"line":245,"column":34},"end":{"line":248,"column":7}},"line":245},"32":{"name":"(anonymous_32)","decl":{"start":{"line":252,"column":15},"end":{"line":252,"column":16}},"loc":{"start":{"line":252,"column":21},"end":{"line":281,"column":3}},"line":252},"33":{"name":"(anonymous_33)","decl":{"start":{"line":254,"column":32},"end":{"line":254,"column":33}},"loc":{"start":{"line":254,"column":38},"end":{"line":280,"column":5}},"line":254},"34":{"name":"(anonymous_34)","decl":{"start":{"line":268,"column":11},"end":{"line":268,"column":12}},"loc":{"start":{"line":268,"column":17},"end":{"line":270,"column":9}},"line":268},"35":{"name":"(anonymous_35)","decl":{"start":{"line":283,"column":24},"end":{"line":283,"column":25}},"loc":{"start":{"line":283,"column":30},"end":{"line":303,"column":3}},"line":283},"36":{"name":"(anonymous_36)","decl":{"start":{"line":305,"column":12},"end":{"line":305,"column":13}},"loc":{"start":{"line":305,"column":18},"end":{"line":319,"column":3}},"line":305},"37":{"name":"(anonymous_37)","decl":{"start":{"line":316,"column":15},"end":{"line":316,"column":16}},"loc":{"start":{"line":316,"column":21},"end":{"line":318,"column":5}},"line":316},"38":{"name":"(anonymous_38)","decl":{"start":{"line":321,"column":2},"end":{"line":321,"column":3}},"loc":{"start":{"line":321,"column":12},"end":{"line":387,"column":3}},"line":321}},"branchMap":{"0":{"loc":{"start":{"line":45,"column":22},"end":{"line":45,"column":54}},"type":"default-arg","locations":[{"start":{"line":45,"column":34},"end":{"line":45,"column":54}}],"line":45},"1":{"loc":{"start":{"line":47,"column":4},"end":{"line":64,"column":5}},"type":"if","locations":[{"start":{"line":47,"column":4},"end":{"line":64,"column":5}},{"start":{},"end":{}}],"line":47},"2":{"loc":{"start":{"line":68,"column":4},"end":{"line":78,"column":5}},"type":"if","locations":[{"start":{"line":68,"column":4},"end":{"line":78,"column":5}},{"start":{"line":73,"column":11},"end":{"line":78,"column":5}}],"line":68},"3":{"loc":{"start":{"line":82,"column":4},"end":{"line":88,"column":5}},"type":"if","locations":[{"start":{"line":82,"column":4},"end":{"line":88,"column":5}},{"start":{},"end":{}}],"line":82},"4":{"loc":{"start":{"line":92,"column":4},"end":{"line":98,"column":5}},"type":"if","locations":[{"start":{"line":92,"column":4},"end":{"line":98,"column":5}},{"start":{},"end":{}}],"line":92},"5":{"loc":{"start":{"line":107,"column":4},"end":{"line":122,"column":5}},"type":"switch","locations":[{"start":{"line":108,"column":6},"end":{"line":110,"column":14}},{"start":{"line":112,"column":6},"end":{"line":114,"column":14}},{"start":{"line":116,"column":6},"end":{"line":118,"column":14}},{"start":{"line":120,"column":6},"end":{"line":121,"column":14}}],"line":107},"6":{"loc":{"start":{"line":138,"column":6},"end":{"line":142,"column":7}},"type":"if","locations":[{"start":{"line":138,"column":6},"end":{"line":142,"column":7}},{"start":{"line":140,"column":13},"end":{"line":142,"column":7}}],"line":138},"7":{"loc":{"start":{"line":158,"column":6},"end":{"line":162,"column":7}},"type":"if","locations":[{"start":{"line":158,"column":6},"end":{"line":162,"column":7}},{"start":{"line":160,"column":13},"end":{"line":162,"column":7}}],"line":158},"8":{"loc":{"start":{"line":179,"column":4},"end":{"line":205,"column":5}},"type":"if","locations":[{"start":{"line":179,"column":4},"end":{"line":205,"column":5}},{"start":{},"end":{}}],"line":179},"9":{"loc":{"start":{"line":184,"column":8},"end":{"line":186,"column":9}},"type":"if","locations":[{"start":{"line":184,"column":8},"end":{"line":186,"column":9}},{"start":{},"end":{}}],"line":184},"10":{"loc":{"start":{"line":191,"column":8},"end":{"line":202,"column":9}},"type":"if","locations":[{"start":{"line":191,"column":8},"end":{"line":202,"column":9}},{"start":{},"end":{}}],"line":191},"11":{"loc":{"start":{"line":191,"column":12},"end":{"line":191,"column":102}},"type":"binary-expr","locations":[{"start":{"line":191,"column":12},"end":{"line":191,"column":42}},{"start":{"line":191,"column":46},"end":{"line":191,"column":102}}],"line":191},"12":{"loc":{"start":{"line":193,"column":12},"end":{"line":199,"column":13}},"type":"if","locations":[{"start":{"line":193,"column":12},"end":{"line":199,"column":13}},{"start":{},"end":{}}],"line":193},"13":{"loc":{"start":{"line":203,"column":8},"end":{"line":203,"column":64}},"type":"if","locations":[{"start":{"line":203,"column":8},"end":{"line":203,"column":64}},{"start":{},"end":{}}],"line":203},"14":{"loc":{"start":{"line":209,"column":4},"end":{"line":249,"column":5}},"type":"if","locations":[{"start":{"line":209,"column":4},"end":{"line":249,"column":5}},{"start":{},"end":{}}],"line":209},"15":{"loc":{"start":{"line":209,"column":8},"end":{"line":209,"column":72}},"type":"binary-expr","locations":[{"start":{"line":209,"column":8},"end":{"line":209,"column":33}},{"start":{"line":209,"column":37},"end":{"line":209,"column":72}}],"line":209},"16":{"loc":{"start":{"line":215,"column":8},"end":{"line":217,"column":9}},"type":"if","locations":[{"start":{"line":215,"column":8},"end":{"line":217,"column":9}},{"start":{},"end":{}}],"line":215},"17":{"loc":{"start":{"line":223,"column":8},"end":{"line":237,"column":9}},"type":"if","locations":[{"start":{"line":223,"column":8},"end":{"line":237,"column":9}},{"start":{},"end":{}}],"line":223},"18":{"loc":{"start":{"line":224,"column":10},"end":{"line":236,"column":11}},"type":"if","locations":[{"start":{"line":224,"column":10},"end":{"line":236,"column":11}},{"start":{"line":227,"column":17},"end":{"line":236,"column":11}}],"line":224},"19":{"loc":{"start":{"line":224,"column":14},"end":{"line":224,"column":121}},"type":"binary-expr","locations":[{"start":{"line":224,"column":14},"end":{"line":224,"column":38}},{"start":{"line":224,"column":42},"end":{"line":224,"column":79}},{"start":{"line":224,"column":83},"end":{"line":224,"column":121}}],"line":224},"20":{"loc":{"start":{"line":230,"column":14},"end":{"line":234,"column":15}},"type":"if","locations":[{"start":{"line":230,"column":14},"end":{"line":234,"column":15}},{"start":{},"end":{}}],"line":230},"21":{"loc":{"start":{"line":230,"column":18},"end":{"line":230,"column":95}},"type":"binary-expr","locations":[{"start":{"line":230,"column":18},"end":{"line":230,"column":58}},{"start":{"line":230,"column":62},"end":{"line":230,"column":95}}],"line":230},"22":{"loc":{"start":{"line":241,"column":8},"end":{"line":243,"column":9}},"type":"if","locations":[{"start":{"line":241,"column":8},"end":{"line":243,"column":9}},{"start":{},"end":{}}],"line":241},"23":{"loc":{"start":{"line":261,"column":6},"end":{"line":279,"column":7}},"type":"if","locations":[{"start":{"line":261,"column":6},"end":{"line":279,"column":7}},{"start":{"line":271,"column":13},"end":{"line":279,"column":7}}],"line":261},"24":{"loc":{"start":{"line":284,"column":4},"end":{"line":292,"column":5}},"type":"if","locations":[{"start":{"line":284,"column":4},"end":{"line":292,"column":5}},{"start":{"line":288,"column":11},"end":{"line":292,"column":5}}],"line":284},"25":{"loc":{"start":{"line":284,"column":8},"end":{"line":284,"column":90}},"type":"binary-expr","locations":[{"start":{"line":284,"column":8},"end":{"line":284,"column":49}},{"start":{"line":284,"column":53},"end":{"line":284,"column":90}}],"line":284},"26":{"loc":{"start":{"line":294,"column":4},"end":{"line":302,"column":5}},"type":"if","locations":[{"start":{"line":294,"column":4},"end":{"line":302,"column":5}},{"start":{"line":298,"column":11},"end":{"line":302,"column":5}}],"line":294},"27":{"loc":{"start":{"line":294,"column":8},"end":{"line":294,"column":117}},"type":"binary-expr","locations":[{"start":{"line":294,"column":8},"end":{"line":294,"column":45}},{"start":{"line":294,"column":49},"end":{"line":294,"column":117}}],"line":294}},"s":{"0":0,"1":0,"2":0,"3":0,"4":0,"5":0,"6":0,"7":0,"8":0,"9":0,"10":0,"11":0,"12":0,"13":0,"14":0,"15":0,"16":0,"17":0,"18":0,"19":0,"20":0,"21":0,"22":0,"23":0,"24":0,"25":0,"26":0,"27":0,"28":0,"29":0,"30":0,"31":0,"32":0,"33":0,"34":0,"35":0,"36":0,"37":0,"38":0,"39":0,"40":0,"41":0,"42":0,"43":0,"44":0,"45":0,"46":0,"47":0,"48":0,"49":0,"50":0,"51":0,"52":0,"53":0,"54":0,"55":0,"56":0,"57":0,"58":0,"59":0,"60":0,"61":0,"62":0,"63":0,"64":0,"65":0,"66":0,"67":0,"68":0,"69":0,"70":0,"71":0,"72":0,"73":0,"74":0,"75":0,"76":0,"77":0,"78":0,"79":0,"80":0,"81":0,"82":0,"83":0,"84":0,"85":0,"86":0,"87":0,"88":0,"89":0,"90":0,"91":0,"92":0,"93":0,"94":0,"95":0,"96":0,"97":0,"98":0,"99":0,"100":0,"101":0,"102":0,"103":0,"104":0,"105":0,"106":0,"107":0,"108":0,"109":0,"110":0,"111":0,"112":0,"113":0,"114":0,"115":0,"116":0,"117":0,"118":0,"119":0,"120":0,"121":0,"122":0,"123":0,"124":0,"125":0,"126":0,"127":0,"128":0,"129":0,"130":0,"131":0,"132":0,"133":0,"134":0},"f":{"0":0,"1":0,"2":0,"3":0,"4":0,"5":0,"6":0,"7":0,"8":0,"9":0,"10":0,"11":0,"12":0,"13":0,"14":0,"15":0,"16":0,"17":0,"18":0,"19":0,"20":0,"21":0,"22":0,"23":0,"24":0,"25":0,"26":0,"27":0,"28":0,"29":0,"30":0,"31":0,"32":0,"33":0,"34":0,"35":0,"36":0,"37":0,"38":0},"b":{"0":[0],"1":[0,0],"2":[0,0],"3":[0,0],"4":[0,0],"5":[0,0,0,0],"6":[0,0],"7":[0,0],"8":[0,0],"9":[0,0],"10":[0,0],"11":[0,0],"12":[0,0],"13":[0,0],"14":[0,0],"15":[0,0],"16":[0,0],"17":[0,0],"18":[0,0],"19":[0,0,0],"20":[0,0],"21":[0,0],"22":[0,0],"23":[0,0],"24":[0,0],"25":[0,0],"26":[0,0],"27":[0,0]},"_coverageSchema":"1a1c01bbd47fc00a2c39e90264f33305004495a9","hash":"b86afcd4b9ff1a66691fbc8e87da9b9bdffcfc11"}
,"/Users/jaypatel/UNB/Winter 23/SS/quiz-app/src/components/quiz/QuizSummary.js": {"path":"/Users/jaypatel/UNB/Winter 23/SS/quiz-app/src/components/quiz/QuizSummary.js","statementMap":{"0":{"start":{"line":7,"column":4},"end":{"line":7,"column":17}},"1":{"start":{"line":8,"column":4},"end":{"line":16,"column":6}},"2":{"start":{"line":20,"column":22},"end":{"line":20,"column":41}},"3":{"start":{"line":21,"column":4},"end":{"line":31,"column":5}},"4":{"start":{"line":22,"column":6},"end":{"line":30,"column":9}},"5":{"start":{"line":35,"column":22},"end":{"line":35,"column":41}},"6":{"start":{"line":38,"column":22},"end":{"line":38,"column":38}},"7":{"start":{"line":40,"column":4},"end":{"line":50,"column":5}},"8":{"start":{"line":41,"column":6},"end":{"line":41,"column":41}},"9":{"start":{"line":42,"column":11},"end":{"line":50,"column":5}},"10":{"start":{"line":43,"column":6},"end":{"line":43,"column":40}},"11":{"start":{"line":44,"column":11},"end":{"line":50,"column":5}},"12":{"start":{"line":45,"column":6},"end":{"line":45,"column":36}},"13":{"start":{"line":46,"column":11},"end":{"line":50,"column":5}},"14":{"start":{"line":47,"column":6},"end":{"line":47,"column":32}},"15":{"start":{"line":49,"column":6},"end":{"line":49,"column":45}},"16":{"start":{"line":52,"column":4},"end":{"line":113,"column":5}},"17":{"start":{"line":53,"column":6},"end":{"line":98,"column":8}},"18":{"start":{"line":93,"column":37},"end":{"line":93,"column":72}},"19":{"start":{"line":94,"column":37},"end":{"line":94,"column":63}},"20":{"start":{"line":100,"column":6},"end":{"line":112,"column":8}},"21":{"start":{"line":114,"column":4},"end":{"line":121,"column":6}}},"fnMap":{"0":{"name":"(anonymous_0)","decl":{"start":{"line":6,"column":2},"end":{"line":6,"column":3}},"loc":{"start":{"line":6,"column":21},"end":{"line":17,"column":3}},"line":6},"1":{"name":"(anonymous_1)","decl":{"start":{"line":19,"column":2},"end":{"line":19,"column":3}},"loc":{"start":{"line":19,"column":22},"end":{"line":32,"column":3}},"line":19},"2":{"name":"(anonymous_2)","decl":{"start":{"line":34,"column":2},"end":{"line":34,"column":3}},"loc":{"start":{"line":34,"column":11},"end":{"line":122,"column":3}},"line":34},"3":{"name":"(anonymous_3)","decl":{"start":{"line":93,"column":31},"end":{"line":93,"column":32}},"loc":{"start":{"line":93,"column":37},"end":{"line":93,"column":72}},"line":93},"4":{"name":"(anonymous_4)","decl":{"start":{"line":94,"column":31},"end":{"line":94,"column":32}},"loc":{"start":{"line":94,"column":37},"end":{"line":94,"column":63}},"line":94}},"branchMap":{"0":{"loc":{"start":{"line":21,"column":4},"end":{"line":31,"column":5}},"type":"if","locations":[{"start":{"line":21,"column":4},"end":{"line":31,"column":5}},{"start":{},"end":{}}],"line":21},"1":{"loc":{"start":{"line":40,"column":4},"end":{"line":50,"column":5}},"type":"if","locations":[{"start":{"line":40,"column":4},"end":{"line":50,"column":5}},{"start":{"line":42,"column":11},"end":{"line":50,"column":5}}],"line":40},"2":{"loc":{"start":{"line":42,"column":11},"end":{"line":50,"column":5}},"type":"if","locations":[{"start":{"line":42,"column":11},"end":{"line":50,"column":5}},{"start":{"line":44,"column":11},"end":{"line":50,"column":5}}],"line":42},"3":{"loc":{"start":{"line":42,"column":15},"end":{"line":42,"column":48}},"type":"binary-expr","locations":[{"start":{"line":42,"column":15},"end":{"line":42,"column":29}},{"start":{"line":42,"column":33},"end":{"line":42,"column":48}}],"line":42},"4":{"loc":{"start":{"line":44,"column":11},"end":{"line":50,"column":5}},"type":"if","locations":[{"start":{"line":44,"column":11},"end":{"line":50,"column":5}},{"start":{"line":46,"column":11},"end":{"line":50,"column":5}}],"line":44},"5":{"loc":{"start":{"line":44,"column":15},"end":{"line":44,"column":48}},"type":"binary-expr","locations":[{"start":{"line":44,"column":15},"end":{"line":44,"column":30}},{"start":{"line":44,"column":34},"end":{"line":44,"column":48}}],"line":44},"6":{"loc":{"start":{"line":46,"column":11},"end":{"line":50,"column":5}},"type":"if","locations":[{"start":{"line":46,"column":11},"end":{"line":50,"column":5}},{"start":{"line":48,"column":11},"end":{"line":50,"column":5}}],"line":46},"7":{"loc":{"start":{"line":46,"column":15},"end":{"line":46,"column":49}},"type":"binary-expr","locations":[{"start":{"line":46,"column":15},"end":{"line":46,"column":30}},{"start":{"line":46,"column":34},"end":{"line":46,"column":49}}],"line":46},"8":{"loc":{"start":{"line":52,"column":4},"end":{"line":113,"column":5}},"type":"if","locations":[{"start":{"line":52,"column":4},"end":{"line":113,"column":5}},{"start":{"line":99,"column":11},"end":{"line":113,"column":5}}],"line":52}},"s":{"0":8,"1":8,"2":8,"3":8,"4":7,"5":21,"6":21,"7":21,"8":10,"9":11,"10":2,"11":9,"12":1,"13":8,"14":1,"15":7,"16":21,"17":20,"18":1,"19":1,"20":1,"21":21},"f":{"0":8,"1":8,"2":21,"3":1,"4":1},"b":{"0":[7,1],"1":[10,11],"2":[2,9],"3":[11,8],"4":[1,8],"5":[9,1],"6":[1,7],"7":[8,5],"8":[20,1]},"_coverageSchema":"1a1c01bbd47fc00a2c39e90264f33305004495a9","hash":"88ab52bfaf05ef0d3e6a9f9bb1eca8737bdfa3fb"}
}
