{"/Users/jaypatel/UNB/Winter 23/SS/quiz-app/src/components/Home.js": {"path":"/Users/jaypatel/UNB/Winter 23/SS/quiz-app/src/components/Home.js","statementMap":{"0":{"start":{"line":5,"column":13},"end":{"line":19,"column":1}},"1":{"start":{"line":6,"column":4},"end":{"line":18,"column":15}}},"fnMap":{"0":{"name":"(anonymous_0)","decl":{"start":{"line":5,"column":13},"end":{"line":5,"column":14}},"loc":{"start":{"line":6,"column":4},"end":{"line":18,"column":15}},"line":6}},"branchMap":{},"s":{"0":1,"1":2},"f":{"0":2},"b":{},"_coverageSchema":"1a1c01bbd47fc00a2c39e90264f33305004495a9","hash":"09aa59f2d7013d11246cd29316d70790bdf6f38c"}
,"/Users/jaypatel/UNB/Winter 23/SS/quiz-app/src/components/quiz/Play.js": {"path":"/Users/jaypatel/UNB/Winter 23/SS/quiz-app/src/components/quiz/Play.js","statementMap":{"0":{"start":{"line":11,"column":8},"end":{"line":11,"column":21}},"1":{"start":{"line":12,"column":8},"end":{"line":31,"column":10}},"2":{"start":{"line":32,"column":8},"end":{"line":32,"column":29}},"3":{"start":{"line":36,"column":79},"end":{"line":36,"column":89}},"4":{"start":{"line":37,"column":8},"end":{"line":37,"column":90}},"5":{"start":{"line":38,"column":8},"end":{"line":38,"column":26}},"6":{"start":{"line":42,"column":8},"end":{"line":42,"column":37}},"7":{"start":{"line":45,"column":23},"end":{"line":65,"column":5}},"8":{"start":{"line":46,"column":39},"end":{"line":46,"column":49}},"9":{"start":{"line":47,"column":8},"end":{"line":64,"column":9}},"10":{"start":{"line":48,"column":12},"end":{"line":48,"column":45}},"11":{"start":{"line":49,"column":12},"end":{"line":49,"column":62}},"12":{"start":{"line":50,"column":12},"end":{"line":50,"column":63}},"13":{"start":{"line":51,"column":12},"end":{"line":51,"column":67}},"14":{"start":{"line":52,"column":27},"end":{"line":52,"column":49}},"15":{"start":{"line":53,"column":12},"end":{"line":63,"column":15}},"16":{"start":{"line":61,"column":16},"end":{"line":61,"column":35}},"17":{"start":{"line":62,"column":16},"end":{"line":62,"column":43}},"18":{"start":{"line":67,"column":24},"end":{"line":79,"column":5}},"19":{"start":{"line":68,"column":8},"end":{"line":78,"column":9}},"20":{"start":{"line":69,"column":12},"end":{"line":71,"column":20}},"21":{"start":{"line":70,"column":16},"end":{"line":70,"column":49}},"22":{"start":{"line":72,"column":12},"end":{"line":72,"column":33}},"23":{"start":{"line":74,"column":12},"end":{"line":76,"column":20}},"24":{"start":{"line":75,"column":16},"end":{"line":75,"column":47}},"25":{"start":{"line":77,"column":12},"end":{"line":77,"column":31}},"26":{"start":{"line":81,"column":28},"end":{"line":89,"column":5}},"27":{"start":{"line":82,"column":8},"end":{"line":88,"column":9}},"28":{"start":{"line":83,"column":12},"end":{"line":87,"column":15}},"29":{"start":{"line":83,"column":40},"end":{"line":85,"column":13}},"30":{"start":{"line":86,"column":16},"end":{"line":86,"column":138}},"31":{"start":{"line":91,"column":32},"end":{"line":99,"column":5}},"32":{"start":{"line":92,"column":8},"end":{"line":98,"column":9}},"33":{"start":{"line":93,"column":12},"end":{"line":97,"column":15}},"34":{"start":{"line":93,"column":40},"end":{"line":95,"column":13}},"35":{"start":{"line":96,"column":16},"end":{"line":96,"column":138}},"36":{"start":{"line":101,"column":28},"end":{"line":104,"column":5}},"37":{"start":{"line":103,"column":12},"end":{"line":103,"column":41}},"38":{"start":{"line":106,"column":24},"end":{"line":124,"column":5}},"39":{"start":{"line":107,"column":8},"end":{"line":122,"column":9}},"40":{"start":{"line":109,"column":16},"end":{"line":109,"column":45}},"41":{"start":{"line":110,"column":16},"end":{"line":110,"column":22}},"42":{"start":{"line":113,"column":16},"end":{"line":113,"column":49}},"43":{"start":{"line":114,"column":16},"end":{"line":114,"column":22}},"44":{"start":{"line":117,"column":16},"end":{"line":117,"column":45}},"45":{"start":{"line":118,"column":16},"end":{"line":118,"column":22}},"46":{"start":{"line":121,"column":16},"end":{"line":121,"column":22}},"47":{"start":{"line":126,"column":20},"end":{"line":144,"column":5}},"48":{"start":{"line":127,"column":8},"end":{"line":131,"column":11}},"49":{"start":{"line":132,"column":8},"end":{"line":143,"column":11}},"50":{"start":{"line":132,"column":36},"end":{"line":137,"column":9}},"51":{"start":{"line":138,"column":12},"end":{"line":142,"column":13}},"52":{"start":{"line":139,"column":16},"end":{"line":139,"column":31}},"53":{"start":{"line":141,"column":16},"end":{"line":141,"column":142}},"54":{"start":{"line":146,"column":18},"end":{"line":164,"column":5}},"55":{"start":{"line":147,"column":8},"end":{"line":147,"column":32}},"56":{"start":{"line":148,"column":8},"end":{"line":152,"column":11}},"57":{"start":{"line":153,"column":8},"end":{"line":163,"column":11}},"58":{"start":{"line":153,"column":36},"end":{"line":157,"column":9}},"59":{"start":{"line":158,"column":12},"end":{"line":162,"column":13}},"60":{"start":{"line":159,"column":16},"end":{"line":159,"column":31}},"61":{"start":{"line":161,"column":16},"end":{"line":161,"column":142}},"62":{"start":{"line":166,"column":18},"end":{"line":176,"column":5}},"63":{"start":{"line":167,"column":24},"end":{"line":167,"column":72}},"64":{"start":{"line":169,"column":8},"end":{"line":171,"column":11}},"65":{"start":{"line":170,"column":12},"end":{"line":170,"column":48}},"66":{"start":{"line":173,"column":8},"end":{"line":175,"column":11}},"67":{"start":{"line":178,"column":18},"end":{"line":206,"column":5}},"68":{"start":{"line":179,"column":8},"end":{"line":205,"column":9}},"69":{"start":{"line":180,"column":28},"end":{"line":180,"column":76}},"70":{"start":{"line":183,"column":12},"end":{"line":187,"column":15}},"71":{"start":{"line":184,"column":16},"end":{"line":186,"column":17}},"72":{"start":{"line":185,"column":20},"end":{"line":185,"column":42}},"73":{"start":{"line":189,"column":12},"end":{"line":204,"column":13}},"74":{"start":{"line":190,"column":37},"end":{"line":190,"column":66}},"75":{"start":{"line":191,"column":16},"end":{"line":202,"column":17}},"76":{"start":{"line":192,"column":20},"end":{"line":200,"column":23}},"77":{"start":{"line":193,"column":24},"end":{"line":199,"column":25}},"78":{"start":{"line":194,"column":28},"end":{"line":194,"column":63}},"79":{"start":{"line":195,"column":28},"end":{"line":198,"column":32}},"80":{"start":{"line":195,"column":58},"end":{"line":198,"column":29}},"81":{"start":{"line":201,"column":20},"end":{"line":201,"column":26}},"82":{"start":{"line":203,"column":16},"end":{"line":203,"column":72}},"83":{"start":{"line":203,"column":66},"end":{"line":203,"column":72}},"84":{"start":{"line":208,"column":23},"end":{"line":250,"column":5}},"85":{"start":{"line":209,"column":8},"end":{"line":249,"column":9}},"86":{"start":{"line":210,"column":28},"end":{"line":210,"column":64}},"87":{"start":{"line":211,"column":34},"end":{"line":211,"column":36}},"88":{"start":{"line":214,"column":12},"end":{"line":218,"column":15}},"89":{"start":{"line":215,"column":16},"end":{"line":217,"column":17}},"90":{"start":{"line":216,"column":20},"end":{"line":216,"column":42}},"91":{"start":{"line":220,"column":24},"end":{"line":220,"column":25}},"92":{"start":{"line":221,"column":12},"end":{"line":238,"column":32}},"93":{"start":{"line":222,"column":37},"end":{"line":222,"column":66}},"94":{"start":{"line":223,"column":16},"end":{"line":237,"column":17}},"95":{"start":{"line":224,"column":20},"end":{"line":236,"column":21}},"96":{"start":{"line":225,"column":28},"end":{"line":225,"column":61}},"97":{"start":{"line":226,"column":28},"end":{"line":226,"column":37}},"98":{"start":{"line":228,"column":24},"end":{"line":235,"column":25}},"99":{"start":{"line":229,"column":52},"end":{"line":229,"column":81}},"100":{"start":{"line":230,"column":28},"end":{"line":234,"column":29}},"101":{"start":{"line":231,"column":32},"end":{"line":231,"column":68}},"102":{"start":{"line":232,"column":32},"end":{"line":232,"column":41}},"103":{"start":{"line":233,"column":32},"end":{"line":233,"column":38}},"104":{"start":{"line":240,"column":12},"end":{"line":244,"column":15}},"105":{"start":{"line":241,"column":16},"end":{"line":243,"column":17}},"106":{"start":{"line":242,"column":20},"end":{"line":242,"column":55}},"107":{"start":{"line":245,"column":12},"end":{"line":248,"column":16}},"108":{"start":{"line":245,"column":40},"end":{"line":248,"column":13}},"109":{"start":{"line":252,"column":17},"end":{"line":281,"column":5}},"110":{"start":{"line":253,"column":30},"end":{"line":253,"column":49}},"111":{"start":{"line":254,"column":8},"end":{"line":280,"column":17}},"112":{"start":{"line":255,"column":24},"end":{"line":255,"column":34}},"113":{"start":{"line":256,"column":29},"end":{"line":256,"column":48}},"114":{"start":{"line":258,"column":28},"end":{"line":258,"column":83}},"115":{"start":{"line":259,"column":28},"end":{"line":259,"column":71}},"116":{"start":{"line":261,"column":12},"end":{"line":279,"column":13}},"117":{"start":{"line":262,"column":16},"end":{"line":262,"column":45}},"118":{"start":{"line":263,"column":16},"end":{"line":270,"column":19}},"119":{"start":{"line":269,"column":20},"end":{"line":269,"column":35}},"120":{"start":{"line":272,"column":16},"end":{"line":278,"column":19}},"121":{"start":{"line":283,"column":26},"end":{"line":303,"column":5}},"122":{"start":{"line":284,"column":8},"end":{"line":292,"column":9}},"123":{"start":{"line":285,"column":12},"end":{"line":287,"column":15}},"124":{"start":{"line":289,"column":12},"end":{"line":291,"column":15}},"125":{"start":{"line":294,"column":8},"end":{"line":302,"column":9}},"126":{"start":{"line":295,"column":12},"end":{"line":297,"column":15}},"127":{"start":{"line":299,"column":12},"end":{"line":301,"column":15}},"128":{"start":{"line":305,"column":14},"end":{"line":319,"column":5}},"129":{"start":{"line":306,"column":26},"end":{"line":306,"column":30}},"130":{"start":{"line":307,"column":28},"end":{"line":315,"column":9}},"131":{"start":{"line":316,"column":8},"end":{"line":318,"column":17}},"132":{"start":{"line":317,"column":12},"end":{"line":317,"column":70}},"133":{"start":{"line":329,"column":12},"end":{"line":329,"column":22}},"134":{"start":{"line":331,"column":8},"end":{"line":386,"column":10}}},"fnMap":{"0":{"name":"(anonymous_0)","decl":{"start":{"line":10,"column":4},"end":{"line":10,"column":5}},"loc":{"start":{"line":10,"column":24},"end":{"line":33,"column":5}},"line":10},"1":{"name":"(anonymous_1)","decl":{"start":{"line":35,"column":4},"end":{"line":35,"column":5}},"loc":{"start":{"line":35,"column":25},"end":{"line":39,"column":5}},"line":35},"2":{"name":"(anonymous_2)","decl":{"start":{"line":41,"column":4},"end":{"line":41,"column":5}},"loc":{"start":{"line":41,"column":28},"end":{"line":43,"column":5}},"line":41},"3":{"name":"(anonymous_3)","decl":{"start":{"line":45,"column":23},"end":{"line":45,"column":24}},"loc":{"start":{"line":45,"column":110},"end":{"line":65,"column":5}},"line":45},"4":{"name":"(anonymous_4)","decl":{"start":{"line":60,"column":15},"end":{"line":60,"column":16}},"loc":{"start":{"line":60,"column":21},"end":{"line":63,"column":13}},"line":60},"5":{"name":"(anonymous_5)","decl":{"start":{"line":67,"column":24},"end":{"line":67,"column":25}},"loc":{"start":{"line":67,"column":31},"end":{"line":79,"column":5}},"line":67},"6":{"name":"(anonymous_6)","decl":{"start":{"line":69,"column":45},"end":{"line":69,"column":46}},"loc":{"start":{"line":69,"column":51},"end":{"line":71,"column":13}},"line":69},"7":{"name":"(anonymous_7)","decl":{"start":{"line":74,"column":43},"end":{"line":74,"column":44}},"loc":{"start":{"line":74,"column":49},"end":{"line":76,"column":13}},"line":74},"8":{"name":"(anonymous_8)","decl":{"start":{"line":81,"column":28},"end":{"line":81,"column":29}},"loc":{"start":{"line":81,"column":34},"end":{"line":89,"column":5}},"line":81},"9":{"name":"(anonymous_9)","decl":{"start":{"line":83,"column":26},"end":{"line":83,"column":27}},"loc":{"start":{"line":83,"column":40},"end":{"line":85,"column":13}},"line":83},"10":{"name":"(anonymous_10)","decl":{"start":{"line":85,"column":16},"end":{"line":85,"column":17}},"loc":{"start":{"line":85,"column":22},"end":{"line":87,"column":13}},"line":85},"11":{"name":"(anonymous_11)","decl":{"start":{"line":91,"column":32},"end":{"line":91,"column":33}},"loc":{"start":{"line":91,"column":38},"end":{"line":99,"column":5}},"line":91},"12":{"name":"(anonymous_12)","decl":{"start":{"line":93,"column":26},"end":{"line":93,"column":27}},"loc":{"start":{"line":93,"column":40},"end":{"line":95,"column":13}},"line":93},"13":{"name":"(anonymous_13)","decl":{"start":{"line":95,"column":16},"end":{"line":95,"column":17}},"loc":{"start":{"line":95,"column":22},"end":{"line":97,"column":13}},"line":95},"14":{"name":"(anonymous_14)","decl":{"start":{"line":101,"column":28},"end":{"line":101,"column":29}},"loc":{"start":{"line":101,"column":34},"end":{"line":104,"column":5}},"line":101},"15":{"name":"(anonymous_15)","decl":{"start":{"line":106,"column":24},"end":{"line":106,"column":25}},"loc":{"start":{"line":106,"column":31},"end":{"line":124,"column":5}},"line":106},"16":{"name":"(anonymous_16)","decl":{"start":{"line":126,"column":20},"end":{"line":126,"column":21}},"loc":{"start":{"line":126,"column":26},"end":{"line":144,"column":5}},"line":126},"17":{"name":"(anonymous_17)","decl":{"start":{"line":132,"column":22},"end":{"line":132,"column":23}},"loc":{"start":{"line":132,"column":36},"end":{"line":137,"column":9}},"line":132},"18":{"name":"(anonymous_18)","decl":{"start":{"line":137,"column":12},"end":{"line":137,"column":13}},"loc":{"start":{"line":137,"column":18},"end":{"line":143,"column":9}},"line":137},"19":{"name":"(anonymous_19)","decl":{"start":{"line":146,"column":18},"end":{"line":146,"column":19}},"loc":{"start":{"line":146,"column":24},"end":{"line":164,"column":5}},"line":146},"20":{"name":"(anonymous_20)","decl":{"start":{"line":153,"column":22},"end":{"line":153,"column":23}},"loc":{"start":{"line":153,"column":36},"end":{"line":157,"column":9}},"line":153},"21":{"name":"(anonymous_21)","decl":{"start":{"line":157,"column":12},"end":{"line":157,"column":13}},"loc":{"start":{"line":157,"column":18},"end":{"line":163,"column":9}},"line":157},"22":{"name":"(anonymous_22)","decl":{"start":{"line":166,"column":18},"end":{"line":166,"column":19}},"loc":{"start":{"line":166,"column":24},"end":{"line":176,"column":5}},"line":166},"23":{"name":"(anonymous_23)","decl":{"start":{"line":169,"column":24},"end":{"line":169,"column":25}},"loc":{"start":{"line":169,"column":34},"end":{"line":171,"column":9}},"line":169},"24":{"name":"(anonymous_24)","decl":{"start":{"line":178,"column":18},"end":{"line":178,"column":19}},"loc":{"start":{"line":178,"column":24},"end":{"line":206,"column":5}},"line":178},"25":{"name":"(anonymous_25)","decl":{"start":{"line":183,"column":28},"end":{"line":183,"column":29}},"loc":{"start":{"line":183,"column":47},"end":{"line":187,"column":13}},"line":183},"26":{"name":"(anonymous_26)","decl":{"start":{"line":192,"column":36},"end":{"line":192,"column":37}},"loc":{"start":{"line":192,"column":55},"end":{"line":200,"column":21}},"line":192},"27":{"name":"(anonymous_27)","decl":{"start":{"line":195,"column":42},"end":{"line":195,"column":43}},"loc":{"start":{"line":195,"column":58},"end":{"line":198,"column":29}},"line":195},"28":{"name":"(anonymous_28)","decl":{"start":{"line":208,"column":23},"end":{"line":208,"column":24}},"loc":{"start":{"line":208,"column":29},"end":{"line":250,"column":5}},"line":208},"29":{"name":"(anonymous_29)","decl":{"start":{"line":214,"column":28},"end":{"line":214,"column":29}},"loc":{"start":{"line":214,"column":47},"end":{"line":218,"column":13}},"line":214},"30":{"name":"(anonymous_30)","decl":{"start":{"line":240,"column":28},"end":{"line":240,"column":29}},"loc":{"start":{"line":240,"column":47},"end":{"line":244,"column":13}},"line":240},"31":{"name":"(anonymous_31)","decl":{"start":{"line":245,"column":26},"end":{"line":245,"column":27}},"loc":{"start":{"line":245,"column":40},"end":{"line":248,"column":13}},"line":245},"32":{"name":"(anonymous_32)","decl":{"start":{"line":252,"column":17},"end":{"line":252,"column":18}},"loc":{"start":{"line":252,"column":23},"end":{"line":281,"column":5}},"line":252},"33":{"name":"(anonymous_33)","decl":{"start":{"line":254,"column":36},"end":{"line":254,"column":37}},"loc":{"start":{"line":254,"column":42},"end":{"line":280,"column":9}},"line":254},"34":{"name":"(anonymous_34)","decl":{"start":{"line":268,"column":19},"end":{"line":268,"column":20}},"loc":{"start":{"line":268,"column":25},"end":{"line":270,"column":17}},"line":268},"35":{"name":"(anonymous_35)","decl":{"start":{"line":283,"column":26},"end":{"line":283,"column":27}},"loc":{"start":{"line":283,"column":32},"end":{"line":303,"column":5}},"line":283},"36":{"name":"(anonymous_36)","decl":{"start":{"line":305,"column":14},"end":{"line":305,"column":15}},"loc":{"start":{"line":305,"column":20},"end":{"line":319,"column":5}},"line":305},"37":{"name":"(anonymous_37)","decl":{"start":{"line":316,"column":19},"end":{"line":316,"column":20}},"loc":{"start":{"line":316,"column":25},"end":{"line":318,"column":9}},"line":316},"38":{"name":"(anonymous_38)","decl":{"start":{"line":321,"column":4},"end":{"line":321,"column":5}},"loc":{"start":{"line":321,"column":14},"end":{"line":387,"column":5}},"line":321}},"branchMap":{"0":{"loc":{"start":{"line":45,"column":24},"end":{"line":45,"column":56}},"type":"default-arg","locations":[{"start":{"line":45,"column":36},"end":{"line":45,"column":56}}],"line":45},"1":{"loc":{"start":{"line":47,"column":8},"end":{"line":64,"column":9}},"type":"if","locations":[{"start":{"line":47,"column":8},"end":{"line":64,"column":9}},{"start":{},"end":{}}],"line":47},"2":{"loc":{"start":{"line":68,"column":8},"end":{"line":78,"column":9}},"type":"if","locations":[{"start":{"line":68,"column":8},"end":{"line":78,"column":9}},{"start":{"line":73,"column":15},"end":{"line":78,"column":9}}],"line":68},"3":{"loc":{"start":{"line":82,"column":8},"end":{"line":88,"column":9}},"type":"if","locations":[{"start":{"line":82,"column":8},"end":{"line":88,"column":9}},{"start":{},"end":{}}],"line":82},"4":{"loc":{"start":{"line":92,"column":8},"end":{"line":98,"column":9}},"type":"if","locations":[{"start":{"line":92,"column":8},"end":{"line":98,"column":9}},{"start":{},"end":{}}],"line":92},"5":{"loc":{"start":{"line":107,"column":8},"end":{"line":122,"column":9}},"type":"switch","locations":[{"start":{"line":108,"column":12},"end":{"line":110,"column":22}},{"start":{"line":112,"column":12},"end":{"line":114,"column":22}},{"start":{"line":116,"column":12},"end":{"line":118,"column":22}},{"start":{"line":120,"column":12},"end":{"line":121,"column":22}}],"line":107},"6":{"loc":{"start":{"line":138,"column":12},"end":{"line":142,"column":13}},"type":"if","locations":[{"start":{"line":138,"column":12},"end":{"line":142,"column":13}},{"start":{"line":140,"column":19},"end":{"line":142,"column":13}}],"line":138},"7":{"loc":{"start":{"line":158,"column":12},"end":{"line":162,"column":13}},"type":"if","locations":[{"start":{"line":158,"column":12},"end":{"line":162,"column":13}},{"start":{"line":160,"column":19},"end":{"line":162,"column":13}}],"line":158},"8":{"loc":{"start":{"line":179,"column":8},"end":{"line":205,"column":9}},"type":"if","locations":[{"start":{"line":179,"column":8},"end":{"line":205,"column":9}},{"start":{},"end":{}}],"line":179},"9":{"loc":{"start":{"line":184,"column":16},"end":{"line":186,"column":17}},"type":"if","locations":[{"start":{"line":184,"column":16},"end":{"line":186,"column":17}},{"start":{},"end":{}}],"line":184},"10":{"loc":{"start":{"line":191,"column":16},"end":{"line":202,"column":17}},"type":"if","locations":[{"start":{"line":191,"column":16},"end":{"line":202,"column":17}},{"start":{},"end":{}}],"line":191},"11":{"loc":{"start":{"line":191,"column":20},"end":{"line":191,"column":110}},"type":"binary-expr","locations":[{"start":{"line":191,"column":20},"end":{"line":191,"column":50}},{"start":{"line":191,"column":54},"end":{"line":191,"column":110}}],"line":191},"12":{"loc":{"start":{"line":193,"column":24},"end":{"line":199,"column":25}},"type":"if","locations":[{"start":{"line":193,"column":24},"end":{"line":199,"column":25}},{"start":{},"end":{}}],"line":193},"13":{"loc":{"start":{"line":203,"column":16},"end":{"line":203,"column":72}},"type":"if","locations":[{"start":{"line":203,"column":16},"end":{"line":203,"column":72}},{"start":{},"end":{}}],"line":203},"14":{"loc":{"start":{"line":209,"column":8},"end":{"line":249,"column":9}},"type":"if","locations":[{"start":{"line":209,"column":8},"end":{"line":249,"column":9}},{"start":{},"end":{}}],"line":209},"15":{"loc":{"start":{"line":209,"column":12},"end":{"line":209,"column":76}},"type":"binary-expr","locations":[{"start":{"line":209,"column":12},"end":{"line":209,"column":37}},{"start":{"line":209,"column":41},"end":{"line":209,"column":76}}],"line":209},"16":{"loc":{"start":{"line":215,"column":16},"end":{"line":217,"column":17}},"type":"if","locations":[{"start":{"line":215,"column":16},"end":{"line":217,"column":17}},{"start":{},"end":{}}],"line":215},"17":{"loc":{"start":{"line":223,"column":16},"end":{"line":237,"column":17}},"type":"if","locations":[{"start":{"line":223,"column":16},"end":{"line":237,"column":17}},{"start":{},"end":{}}],"line":223},"18":{"loc":{"start":{"line":224,"column":20},"end":{"line":236,"column":21}},"type":"if","locations":[{"start":{"line":224,"column":20},"end":{"line":236,"column":21}},{"start":{"line":227,"column":27},"end":{"line":236,"column":21}}],"line":224},"19":{"loc":{"start":{"line":224,"column":24},"end":{"line":224,"column":131}},"type":"binary-expr","locations":[{"start":{"line":224,"column":24},"end":{"line":224,"column":48}},{"start":{"line":224,"column":52},"end":{"line":224,"column":89}},{"start":{"line":224,"column":93},"end":{"line":224,"column":131}}],"line":224},"20":{"loc":{"start":{"line":230,"column":28},"end":{"line":234,"column":29}},"type":"if","locations":[{"start":{"line":230,"column":28},"end":{"line":234,"column":29}},{"start":{},"end":{}}],"line":230},"21":{"loc":{"start":{"line":230,"column":32},"end":{"line":230,"column":109}},"type":"binary-expr","locations":[{"start":{"line":230,"column":32},"end":{"line":230,"column":72}},{"start":{"line":230,"column":76},"end":{"line":230,"column":109}}],"line":230},"22":{"loc":{"start":{"line":241,"column":16},"end":{"line":243,"column":17}},"type":"if","locations":[{"start":{"line":241,"column":16},"end":{"line":243,"column":17}},{"start":{},"end":{}}],"line":241},"23":{"loc":{"start":{"line":261,"column":12},"end":{"line":279,"column":13}},"type":"if","locations":[{"start":{"line":261,"column":12},"end":{"line":279,"column":13}},{"start":{"line":271,"column":19},"end":{"line":279,"column":13}}],"line":261},"24":{"loc":{"start":{"line":284,"column":8},"end":{"line":292,"column":9}},"type":"if","locations":[{"start":{"line":284,"column":8},"end":{"line":292,"column":9}},{"start":{"line":288,"column":15},"end":{"line":292,"column":9}}],"line":284},"25":{"loc":{"start":{"line":284,"column":12},"end":{"line":284,"column":94}},"type":"binary-expr","locations":[{"start":{"line":284,"column":12},"end":{"line":284,"column":53}},{"start":{"line":284,"column":57},"end":{"line":284,"column":94}}],"line":284},"26":{"loc":{"start":{"line":294,"column":8},"end":{"line":302,"column":9}},"type":"if","locations":[{"start":{"line":294,"column":8},"end":{"line":302,"column":9}},{"start":{"line":298,"column":15},"end":{"line":302,"column":9}}],"line":294},"27":{"loc":{"start":{"line":294,"column":12},"end":{"line":294,"column":121}},"type":"binary-expr","locations":[{"start":{"line":294,"column":12},"end":{"line":294,"column":49}},{"start":{"line":294,"column":53},"end":{"line":294,"column":121}}],"line":294}},"s":{"0":0,"1":0,"2":0,"3":0,"4":0,"5":0,"6":0,"7":0,"8":0,"9":0,"10":0,"11":0,"12":0,"13":0,"14":0,"15":0,"16":0,"17":0,"18":0,"19":0,"20":0,"21":0,"22":0,"23":0,"24":0,"25":0,"26":0,"27":0,"28":0,"29":0,"30":0,"31":0,"32":0,"33":0,"34":0,"35":0,"36":0,"37":0,"38":0,"39":0,"40":0,"41":0,"42":0,"43":0,"44":0,"45":0,"46":0,"47":0,"48":0,"49":0,"50":0,"51":0,"52":0,"53":0,"54":0,"55":0,"56":0,"57":0,"58":0,"59":0,"60":0,"61":0,"62":0,"63":0,"64":0,"65":0,"66":0,"67":0,"68":0,"69":0,"70":0,"71":0,"72":0,"73":0,"74":0,"75":0,"76":0,"77":0,"78":0,"79":0,"80":0,"81":0,"82":0,"83":0,"84":0,"85":0,"86":0,"87":0,"88":0,"89":0,"90":0,"91":0,"92":0,"93":0,"94":0,"95":0,"96":0,"97":0,"98":0,"99":0,"100":0,"101":0,"102":0,"103":0,"104":0,"105":0,"106":0,"107":0,"108":0,"109":0,"110":0,"111":0,"112":0,"113":0,"114":0,"115":0,"116":0,"117":0,"118":0,"119":0,"120":0,"121":0,"122":0,"123":0,"124":0,"125":0,"126":0,"127":0,"128":0,"129":0,"130":0,"131":0,"132":0,"133":0,"134":0},"f":{"0":0,"1":0,"2":0,"3":0,"4":0,"5":0,"6":0,"7":0,"8":0,"9":0,"10":0,"11":0,"12":0,"13":0,"14":0,"15":0,"16":0,"17":0,"18":0,"19":0,"20":0,"21":0,"22":0,"23":0,"24":0,"25":0,"26":0,"27":0,"28":0,"29":0,"30":0,"31":0,"32":0,"33":0,"34":0,"35":0,"36":0,"37":0,"38":0},"b":{"0":[0],"1":[0,0],"2":[0,0],"3":[0,0],"4":[0,0],"5":[0,0,0,0],"6":[0,0],"7":[0,0],"8":[0,0],"9":[0,0],"10":[0,0],"11":[0,0],"12":[0,0],"13":[0,0],"14":[0,0],"15":[0,0],"16":[0,0],"17":[0,0],"18":[0,0],"19":[0,0,0],"20":[0,0],"21":[0,0],"22":[0,0],"23":[0,0],"24":[0,0],"25":[0,0],"26":[0,0],"27":[0,0]}}
,"/Users/jaypatel/UNB/Winter 23/SS/quiz-app/src/components/quiz/QuizSummary.js": {"path":"/Users/jaypatel/UNB/Winter 23/SS/quiz-app/src/components/quiz/QuizSummary.js","statementMap":{"0":{"start":{"line":7,"column":8},"end":{"line":7,"column":21}},"1":{"start":{"line":8,"column":8},"end":{"line":16,"column":10}},"2":{"start":{"line":20,"column":26},"end":{"line":20,"column":45}},"3":{"start":{"line":21,"column":8},"end":{"line":31,"column":9}},"4":{"start":{"line":22,"column":12},"end":{"line":30,"column":15}},"5":{"start":{"line":35,"column":26},"end":{"line":35,"column":45}},"6":{"start":{"line":37,"column":26},"end":{"line":37,"column":42}},"7":{"start":{"line":39,"column":8},"end":{"line":49,"column":9}},"8":{"start":{"line":40,"column":12},"end":{"line":40,"column":47}},"9":{"start":{"line":41,"column":15},"end":{"line":49,"column":9}},"10":{"start":{"line":42,"column":12},"end":{"line":42,"column":46}},"11":{"start":{"line":43,"column":15},"end":{"line":49,"column":9}},"12":{"start":{"line":44,"column":12},"end":{"line":44,"column":42}},"13":{"start":{"line":45,"column":15},"end":{"line":49,"column":9}},"14":{"start":{"line":46,"column":12},"end":{"line":46,"column":38}},"15":{"start":{"line":48,"column":12},"end":{"line":48,"column":51}},"16":{"start":{"line":51,"column":8},"end":{"line":101,"column":9}},"17":{"start":{"line":52,"column":12},"end":{"line":86,"column":14}},"18":{"start":{"line":81,"column":51},"end":{"line":81,"column":86}},"19":{"start":{"line":82,"column":51},"end":{"line":82,"column":77}},"20":{"start":{"line":88,"column":12},"end":{"line":100,"column":14}},"21":{"start":{"line":102,"column":8},"end":{"line":109,"column":10}}},"fnMap":{"0":{"name":"(anonymous_0)","decl":{"start":{"line":6,"column":4},"end":{"line":6,"column":5}},"loc":{"start":{"line":6,"column":23},"end":{"line":17,"column":5}},"line":6},"1":{"name":"(anonymous_1)","decl":{"start":{"line":19,"column":4},"end":{"line":19,"column":5}},"loc":{"start":{"line":19,"column":24},"end":{"line":32,"column":5}},"line":19},"2":{"name":"(anonymous_2)","decl":{"start":{"line":34,"column":4},"end":{"line":34,"column":5}},"loc":{"start":{"line":34,"column":13},"end":{"line":110,"column":5}},"line":34},"3":{"name":"(anonymous_3)","decl":{"start":{"line":81,"column":45},"end":{"line":81,"column":46}},"loc":{"start":{"line":81,"column":51},"end":{"line":81,"column":86}},"line":81},"4":{"name":"(anonymous_4)","decl":{"start":{"line":82,"column":45},"end":{"line":82,"column":46}},"loc":{"start":{"line":82,"column":51},"end":{"line":82,"column":77}},"line":82}},"branchMap":{"0":{"loc":{"start":{"line":21,"column":8},"end":{"line":31,"column":9}},"type":"if","locations":[{"start":{"line":21,"column":8},"end":{"line":31,"column":9}},{"start":{},"end":{}}],"line":21},"1":{"loc":{"start":{"line":39,"column":8},"end":{"line":49,"column":9}},"type":"if","locations":[{"start":{"line":39,"column":8},"end":{"line":49,"column":9}},{"start":{"line":41,"column":15},"end":{"line":49,"column":9}}],"line":39},"2":{"loc":{"start":{"line":41,"column":15},"end":{"line":49,"column":9}},"type":"if","locations":[{"start":{"line":41,"column":15},"end":{"line":49,"column":9}},{"start":{"line":43,"column":15},"end":{"line":49,"column":9}}],"line":41},"3":{"loc":{"start":{"line":41,"column":19},"end":{"line":41,"column":52}},"type":"binary-expr","locations":[{"start":{"line":41,"column":19},"end":{"line":41,"column":33}},{"start":{"line":41,"column":37},"end":{"line":41,"column":52}}],"line":41},"4":{"loc":{"start":{"line":43,"column":15},"end":{"line":49,"column":9}},"type":"if","locations":[{"start":{"line":43,"column":15},"end":{"line":49,"column":9}},{"start":{"line":45,"column":15},"end":{"line":49,"column":9}}],"line":43},"5":{"loc":{"start":{"line":43,"column":19},"end":{"line":43,"column":52}},"type":"binary-expr","locations":[{"start":{"line":43,"column":19},"end":{"line":43,"column":34}},{"start":{"line":43,"column":38},"end":{"line":43,"column":52}}],"line":43},"6":{"loc":{"start":{"line":45,"column":15},"end":{"line":49,"column":9}},"type":"if","locations":[{"start":{"line":45,"column":15},"end":{"line":49,"column":9}},{"start":{"line":47,"column":15},"end":{"line":49,"column":9}}],"line":45},"7":{"loc":{"start":{"line":45,"column":19},"end":{"line":45,"column":53}},"type":"binary-expr","locations":[{"start":{"line":45,"column":19},"end":{"line":45,"column":34}},{"start":{"line":45,"column":38},"end":{"line":45,"column":53}}],"line":45},"8":{"loc":{"start":{"line":51,"column":8},"end":{"line":101,"column":9}},"type":"if","locations":[{"start":{"line":51,"column":8},"end":{"line":101,"column":9}},{"start":{"line":87,"column":15},"end":{"line":101,"column":9}}],"line":51}},"s":{"0":8,"1":8,"2":8,"3":8,"4":7,"5":21,"6":21,"7":21,"8":10,"9":11,"10":2,"11":9,"12":1,"13":8,"14":1,"15":7,"16":21,"17":20,"18":1,"19":1,"20":1,"21":21},"f":{"0":8,"1":8,"2":21,"3":1,"4":1},"b":{"0":[7,1],"1":[10,11],"2":[2,9],"3":[11,8],"4":[1,8],"5":[9,1],"6":[1,7],"7":[8,5],"8":[20,1]},"_coverageSchema":"1a1c01bbd47fc00a2c39e90264f33305004495a9","hash":"62201a774ad131b48a1f5e874e3d0ce325e8bff7"}
}
