TN:
SF:src/components/Home.js
FN:5,(anonymous_0)
FNF:1
FNH:1
FNDA:2,(anonymous_0)
DA:5,1
DA:6,2
LF:2
LH:2
BRF:0
BRH:0
end_of_record
TN:
SF:src/components/quiz/Play.js
FN:10,(anonymous_0)
FN:35,(anonymous_1)
FN:41,(anonymous_2)
FN:45,(anonymous_3)
FN:60,(anonymous_4)
FN:67,(anonymous_5)
FN:69,(anonymous_6)
FN:74,(anonymous_7)
FN:81,(anonymous_8)
FN:83,(anonymous_9)
FN:85,(anonymous_10)
FN:91,(anonymous_11)
FN:93,(anonymous_12)
FN:95,(anonymous_13)
FN:101,(anonymous_14)
FN:106,(anonymous_15)
FN:126,(anonymous_16)
FN:132,(anonymous_17)
FN:137,(anonymous_18)
FN:146,(anonymous_19)
FN:153,(anonymous_20)
FN:157,(anonymous_21)
FN:166,(anonymous_22)
FN:169,(anonymous_23)
FN:178,(anonymous_24)
FN:183,(anonymous_25)
FN:192,(anonymous_26)
FN:195,(anonymous_27)
FN:208,(anonymous_28)
FN:214,(anonymous_29)
FN:240,(anonymous_30)
FN:245,(anonymous_31)
FN:252,(anonymous_32)
FN:254,(anonymous_33)
FN:268,(anonymous_34)
FN:283,(anonymous_35)
FN:305,(anonymous_36)
FN:316,(anonymous_37)
FN:321,(anonymous_38)
FNF:39
FNH:0
FNDA:0,(anonymous_0)
FNDA:0,(anonymous_1)
FNDA:0,(anonymous_2)
FNDA:0,(anonymous_3)
FNDA:0,(anonymous_4)
FNDA:0,(anonymous_5)
FNDA:0,(anonymous_6)
FNDA:0,(anonymous_7)
FNDA:0,(anonymous_8)
FNDA:0,(anonymous_9)
FNDA:0,(anonymous_10)
FNDA:0,(anonymous_11)
FNDA:0,(anonymous_12)
FNDA:0,(anonymous_13)
FNDA:0,(anonymous_14)
FNDA:0,(anonymous_15)
FNDA:0,(anonymous_16)
FNDA:0,(anonymous_17)
FNDA:0,(anonymous_18)
FNDA:0,(anonymous_19)
FNDA:0,(anonymous_20)
FNDA:0,(anonymous_21)
FNDA:0,(anonymous_22)
FNDA:0,(anonymous_23)
FNDA:0,(anonymous_24)
FNDA:0,(anonymous_25)
FNDA:0,(anonymous_26)
FNDA:0,(anonymous_27)
FNDA:0,(anonymous_28)
FNDA:0,(anonymous_29)
FNDA:0,(anonymous_30)
FNDA:0,(anonymous_31)
FNDA:0,(anonymous_32)
FNDA:0,(anonymous_33)
FNDA:0,(anonymous_34)
FNDA:0,(anonymous_35)
FNDA:0,(anonymous_36)
FNDA:0,(anonymous_37)
FNDA:0,(anonymous_38)
DA:11,0
DA:12,0
DA:32,0
DA:36,0
DA:37,0
DA:38,0
DA:42,0
DA:45,0
DA:46,0
DA:47,0
DA:48,0
DA:49,0
DA:50,0
DA:51,0
DA:52,0
DA:53,0
DA:61,0
DA:62,0
DA:67,0
DA:68,0
DA:69,0
DA:70,0
DA:72,0
DA:74,0
DA:75,0
DA:77,0
DA:81,0
DA:82,0
DA:83,0
DA:86,0
DA:91,0
DA:92,0
DA:93,0
DA:96,0
DA:101,0
DA:103,0
DA:106,0
DA:107,0
DA:109,0
DA:110,0
DA:113,0
DA:114,0
DA:117,0
DA:118,0
DA:121,0
DA:126,0
DA:127,0
DA:132,0
DA:138,0
DA:139,0
DA:141,0
DA:146,0
DA:147,0
DA:148,0
DA:153,0
DA:158,0
DA:159,0
DA:161,0
DA:166,0
DA:167,0
DA:169,0
DA:170,0
DA:173,0
DA:178,0
DA:179,0
DA:180,0
DA:183,0
DA:184,0
DA:185,0
DA:189,0
DA:190,0
DA:191,0
DA:192,0
DA:193,0
DA:194,0
DA:195,0
DA:201,0
DA:203,0
DA:208,0
DA:209,0
DA:210,0
DA:211,0
DA:214,0
DA:215,0
DA:216,0
DA:220,0
DA:221,0
DA:222,0
DA:223,0
DA:224,0
DA:225,0
DA:226,0
DA:228,0
DA:229,0
DA:230,0
DA:231,0
DA:232,0
DA:233,0
DA:240,0
DA:241,0
DA:242,0
DA:245,0
DA:252,0
DA:253,0
DA:254,0
DA:255,0
DA:256,0
DA:258,0
DA:259,0
DA:261,0
DA:262,0
DA:263,0
DA:269,0
DA:272,0
DA:283,0
DA:284,0
DA:285,0
DA:289,0
DA:294,0
DA:295,0
DA:299,0
DA:305,0
DA:306,0
DA:307,0
DA:316,0
DA:317,0
DA:329,0
DA:331,0
LF:128
LH:0
BRDA:45,0,0,0
BRDA:47,1,0,0
BRDA:47,1,1,0
BRDA:68,2,0,0
BRDA:68,2,1,0
BRDA:82,3,0,0
BRDA:82,3,1,0
BRDA:92,4,0,0
BRDA:92,4,1,0
BRDA:107,5,0,0
BRDA:107,5,1,0
BRDA:107,5,2,0
BRDA:107,5,3,0
BRDA:138,6,0,0
BRDA:138,6,1,0
BRDA:158,7,0,0
BRDA:158,7,1,0
BRDA:179,8,0,0
BRDA:179,8,1,0
BRDA:184,9,0,0
BRDA:184,9,1,0
BRDA:191,10,0,0
BRDA:191,10,1,0
BRDA:191,11,0,0
BRDA:191,11,1,0
BRDA:193,12,0,0
BRDA:193,12,1,0
BRDA:203,13,0,0
BRDA:203,13,1,0
BRDA:209,14,0,0
BRDA:209,14,1,0
BRDA:209,15,0,0
BRDA:209,15,1,0
BRDA:215,16,0,0
BRDA:215,16,1,0
BRDA:223,17,0,0
BRDA:223,17,1,0
BRDA:224,18,0,0
BRDA:224,18,1,0
BRDA:224,19,0,0
BRDA:224,19,1,0
BRDA:224,19,2,0
BRDA:230,20,0,0
BRDA:230,20,1,0
BRDA:230,21,0,0
BRDA:230,21,1,0
BRDA:241,22,0,0
BRDA:241,22,1,0
BRDA:261,23,0,0
BRDA:261,23,1,0
BRDA:284,24,0,0
BRDA:284,24,1,0
BRDA:284,25,0,0
BRDA:284,25,1,0
BRDA:294,26,0,0
BRDA:294,26,1,0
BRDA:294,27,0,0
BRDA:294,27,1,0
BRF:58
BRH:0
end_of_record
TN:
SF:src/components/quiz/QuizSummary.js
FN:6,(anonymous_0)
FN:19,(anonymous_1)
FN:34,(anonymous_2)
FN:81,(anonymous_3)
FN:82,(anonymous_4)
FNF:5
FNH:5
FNDA:8,(anonymous_0)
FNDA:8,(anonymous_1)
FNDA:21,(anonymous_2)
FNDA:1,(anonymous_3)
FNDA:1,(anonymous_4)
DA:7,8
DA:8,8
DA:20,8
DA:21,8
DA:22,7
DA:35,21
DA:37,21
DA:39,21
DA:40,10
DA:41,11
DA:42,2
DA:43,9
DA:44,1
DA:45,8
DA:46,1
DA:48,7
DA:51,21
DA:52,20
DA:81,1
DA:82,1
DA:88,1
DA:102,21
LF:22
LH:22
BRDA:21,0,0,7
BRDA:21,0,1,1
BRDA:39,1,0,10
BRDA:39,1,1,11
BRDA:41,2,0,2
BRDA:41,2,1,9
BRDA:41,3,0,11
BRDA:41,3,1,8
BRDA:43,4,0,1
BRDA:43,4,1,8
BRDA:43,5,0,9
BRDA:43,5,1,1
BRDA:45,6,0,1
BRDA:45,6,1,7
BRDA:45,7,0,8
BRDA:45,7,1,5
BRDA:51,8,0,20
BRDA:51,8,1,1
BRF:18
BRH:18
end_of_record
